<?xml version="1.0" encoding="UTF-8"?>
<robot generator="Robot 7.0.1 (Python 3.12.4 on win32)" generated="2024-09-05T15:08:29.788287" rpa="false" schemaversion="5">
<suite id="s1" name="Searching" source="C:\Projekty_Python\Robot2\BestHouseEver\Tests\Searching.robot">
<kw name="Open Browser With Custom Profile" owner="searching" type="SETUP">
<kw name="Open Browser">
<msg time="2024-09-05T15:08:29.980672" level="FAIL">No keyword with name 'Open Browser' found.</msg>
<arg>${HOME_URL}</arg>
<arg>${BROWSER}</arg>
<status status="FAIL" start="2024-09-05T15:08:29.980672" elapsed="0.000000">No keyword with name 'Open Browser' found.</status>
</kw>
<kw name="Maximize Browser Window">
<status status="NOT RUN" start="2024-09-05T15:08:29.980672" elapsed="0.000000"/>
</kw>
<kw name="Wait Until Element Is Visible">
<arg>id=onetrust-accept-btn-handler</arg>
<status status="NOT RUN" start="2024-09-05T15:08:29.980672" elapsed="0.000000"/>
</kw>
<kw name="Click Button">
<arg>id=onetrust-accept-btn-handler</arg>
<status status="NOT RUN" start="2024-09-05T15:08:29.980672" elapsed="0.000000"/>
</kw>
<status status="FAIL" start="2024-09-05T15:08:29.980672" elapsed="0.000000">No keyword with name 'Open Browser' found.</status>
</kw>
<test id="s1-t1" name="Searching in otodom" line="12">
<status status="FAIL" start="2024-09-05T15:08:29.980672" elapsed="0.000000">Parent suite setup failed:
No keyword with name 'Open Browser' found.</status>
</test>
<status status="FAIL" start="2024-09-05T15:08:29.788287" elapsed="0.192385">Suite setup failed:
No keyword with name 'Open Browser' found.</status>
</suite>
<statistics>
<total>
<stat pass="0" fail="1" skip="0">All Tests</stat>
</total>
<tag>
</tag>
<suite>
<stat pass="0" fail="1" skip="0" id="s1" name="Searching">Searching</stat>
</suite>
</statistics>
<errors>
<msg time="2024-09-05T15:08:29.819832" level="ERROR">Error in file 'C:\Projekty_Python\Robot2\BestHouseEver\Tests\Searching.robot' on line 2: Importing library 'SeleniumLibrary' failed: ModuleNotFoundError: No module named 'SeleniumLibrary'
Traceback (most recent call last):
  None
PYTHONPATH:
  C:\Projekty_Python\Robot2\BestHouseEver\.venv\Scripts\robot.exe
  C:\Users\micha\AppData\Local\Programs\Python\Python312\python312.zip
  C:\Users\micha\AppData\Local\Programs\Python\Python312\DLLs
  C:\Users\micha\AppData\Local\Programs\Python\Python312\Lib
  C:\Users\micha\AppData\Local\Programs\Python\Python312
  C:\Projekty_Python\Robot2\BestHouseEver\.venv
  C:\Projekty_Python\Robot2\BestHouseEver\.venv\Lib\site-packages</msg>
<msg time="2024-09-05T15:08:29.819832" level="ERROR">Error in file 'C:\Projekty_Python\Robot2\BestHouseEver\Tests\Searching.robot' on line 3: Importing library 'DebugLibrary' failed: ModuleNotFoundError: No module named 'DebugLibrary'
Traceback (most recent call last):
  None
PYTHONPATH:
  C:\Projekty_Python\Robot2\BestHouseEver\.venv\Scripts\robot.exe
  C:\Users\micha\AppData\Local\Programs\Python\Python312\python312.zip
  C:\Users\micha\AppData\Local\Programs\Python\Python312\DLLs
  C:\Users\micha\AppData\Local\Programs\Python\Python312\Lib
  C:\Users\micha\AppData\Local\Programs\Python\Python312
  C:\Projekty_Python\Robot2\BestHouseEver\.venv
  C:\Projekty_Python\Robot2\BestHouseEver\.venv\Lib\site-packages</msg>
<msg time="2024-09-05T15:08:29.827374" level="ERROR">Error in file 'C:\Projekty_Python\Robot2\BestHouseEver\Resources\searching.resource' on line 2: Importing library 'SeleniumLibrary' failed: ModuleNotFoundError: No module named 'SeleniumLibrary'
Traceback (most recent call last):
  None
PYTHONPATH:
  C:\Projekty_Python\Robot2\BestHouseEver\.venv\Scripts\robot.exe
  C:\Users\micha\AppData\Local\Programs\Python\Python312\python312.zip
  C:\Users\micha\AppData\Local\Programs\Python\Python312\DLLs
  C:\Users\micha\AppData\Local\Programs\Python\Python312\Lib
  C:\Users\micha\AppData\Local\Programs\Python\Python312
  C:\Projekty_Python\Robot2\BestHouseEver\.venv
  C:\Projekty_Python\Robot2\BestHouseEver\.venv\Lib\site-packages</msg>
<msg time="2024-09-05T15:08:29.827374" level="ERROR">Error in file 'C:\Projekty_Python\Robot2\BestHouseEver\Resources\searching.resource' on line 3: Importing library 'C:\Projekty_Python\Robot2\BestHouseEver\python_scripts\browser_setup.py' failed: ModuleNotFoundError: No module named 'selenium'
Traceback (most recent call last):
  File "C:\Projekty_Python\Robot2\BestHouseEver\python_scripts\browser_setup.py", line 1, in &lt;module&gt;
    from selenium import webdriver
PYTHONPATH:
  C:\Projekty_Python\Robot2\BestHouseEver\python_scripts
  C:\Projekty_Python\Robot2\BestHouseEver\.venv\Scripts\robot.exe
  C:\Users\micha\AppData\Local\Programs\Python\Python312\python312.zip
  C:\Users\micha\AppData\Local\Programs\Python\Python312\DLLs
  C:\Users\micha\AppData\Local\Programs\Python\Python312\Lib
  C:\Users\micha\AppData\Local\Programs\Python\Python312
  C:\Projekty_Python\Robot2\BestHouseEver\.venv
  C:\Projekty_Python\Robot2\BestHouseEver\.venv\Lib\site-packages</msg>
<msg time="2024-09-05T15:08:29.835907" level="ERROR">Error in file 'C:\Projekty_Python\Robot2\BestHouseEver\Resources\scrapping.resource' on line 2: Importing library 'SeleniumLibrary' failed: ModuleNotFoundError: No module named 'SeleniumLibrary'
Traceback (most recent call last):
  None
PYTHONPATH:
  C:\Projekty_Python\Robot2\BestHouseEver\.venv\Scripts\robot.exe
  C:\Users\micha\AppData\Local\Programs\Python\Python312\python312.zip
  C:\Users\micha\AppData\Local\Programs\Python\Python312\DLLs
  C:\Users\micha\AppData\Local\Programs\Python\Python312\Lib
  C:\Users\micha\AppData\Local\Programs\Python\Python312
  C:\Projekty_Python\Robot2\BestHouseEver\.venv
  C:\Projekty_Python\Robot2\BestHouseEver\.venv\Lib\site-packages</msg>
<msg time="2024-09-05T15:08:29.835907" level="ERROR">Error in file 'C:\Projekty_Python\Robot2\BestHouseEver\Resources\scrapping.resource' on line 3: Importing library '../Resources/searching.resource' failed: ModuleNotFoundError: No module named '.'
Traceback (most recent call last):
  None
PYTHONPATH:
  C:\Projekty_Python\Robot2\BestHouseEver\.venv\Scripts\robot.exe
  C:\Users\micha\AppData\Local\Programs\Python\Python312\python312.zip
  C:\Users\micha\AppData\Local\Programs\Python\Python312\DLLs
  C:\Users\micha\AppData\Local\Programs\Python\Python312\Lib
  C:\Users\micha\AppData\Local\Programs\Python\Python312
  C:\Projekty_Python\Robot2\BestHouseEver\.venv
  C:\Projekty_Python\Robot2\BestHouseEver\.venv\Lib\site-packages</msg>
</errors>
</robot>
